2025-09-11 12:19:06,768 [INFO] BEGIN (implicit)
2025-09-11 12:19:06,771 [INFO] INSERT INTO employees (id, name, age, salary, is_active) VALUES (?, ?, ?, ?, ?)
2025-09-11 12:19:06,771 [INFO] [generated in 0.00032s] (103, 'MOhan', 23, 2000.0, 1)
2025-09-11 12:19:06,774 [INFO] COMMIT
2025-09-11 12:19:06,775 [INFO] Employee Created Successfully
2025-09-11 12:19:15,186 [INFO] BEGIN (implicit)
2025-09-11 12:19:15,188 [INFO] SELECT employees.id AS employees_id, employees.name AS employees_name, employees.age AS employees_age, employees.salary AS employees_salary, employees.is_active AS employees_is_active 
FROM employees
2025-09-11 12:19:15,189 [INFO] [generated in 0.00029s] ()
2025-09-11 12:19:15,190 [INFO] Read All EMmployee
2025-09-11 12:20:38,788 [INFO] SELECT employees.id AS employees_id, employees.name AS employees_name, employees.age AS employees_age, employees.salary AS employees_salary, employees.is_active AS employees_is_active 
FROM employees 
WHERE employees.id = ?
 LIMIT ? OFFSET ?
2025-09-11 12:20:38,788 [INFO] [generated in 0.00061s] (103, 1, 0)
2025-09-11 12:20:38,789 [INFO] Employee ID Correct
2025-09-11 12:20:38,789 [INFO] Success
2025-09-11 12:22:17,843 [INFO] BEGIN (implicit)
2025-09-11 12:22:17,847 [INFO] SELECT employees.id AS employees_id, employees.name AS employees_name, employees.age AS employees_age, employees.salary AS employees_salary, employees.is_active AS employees_is_active 
FROM employees
2025-09-11 12:22:17,848 [INFO] [generated in 0.00054s] ()
2025-09-11 12:22:17,849 [INFO] Read All EMmployee
2025-09-11 12:22:23,957 [INFO] SELECT employees.id AS employees_id, employees.name AS employees_name, employees.age AS employees_age, employees.salary AS employees_salary, employees.is_active AS employees_is_active 
FROM employees 
WHERE employees.id = ?
 LIMIT ? OFFSET ?
2025-09-11 12:22:23,957 [INFO] [generated in 0.00056s] (103, 1, 0)
2025-09-11 12:22:23,958 [INFO] Employee ID Correct
2025-09-11 12:22:23,958 [INFO] Success
2025-09-11 12:23:31,226 [INFO] BEGIN (implicit)
2025-09-11 12:23:31,228 [INFO] SELECT employees.id AS employees_id, employees.name AS employees_name, employees.age AS employees_age, employees.salary AS employees_salary, employees.is_active AS employees_is_active 
FROM employees 
WHERE employees.id = ?
 LIMIT ? OFFSET ?
2025-09-11 12:23:31,228 [INFO] [generated in 0.00014s] (103, 1, 0)
2025-09-11 12:23:31,228 [INFO] Employee ID Correct
2025-09-11 12:23:31,228 [INFO] Success
2025-09-11 12:24:16,100 [INFO] BEGIN (implicit)
2025-09-11 12:24:16,104 [INFO] SELECT employees.id AS employees_id, employees.name AS employees_name, employees.age AS employees_age, employees.salary AS employees_salary, employees.is_active AS employees_is_active 
FROM employees
2025-09-11 12:24:16,104 [INFO] [generated in 0.00033s] ()
2025-09-11 12:24:16,105 [INFO] Read All Employee
2025-09-11 12:24:22,814 [INFO] SELECT employees.id AS employees_id, employees.name AS employees_name, employees.age AS employees_age, employees.salary AS employees_salary, employees.is_active AS employees_is_active 
FROM employees 
WHERE employees.id = ?
 LIMIT ? OFFSET ?
2025-09-11 12:24:22,815 [INFO] [generated in 0.00058s] (103, 1, 0)
2025-09-11 12:24:22,816 [INFO] Employee ID queried
2025-09-11 12:24:22,816 [INFO] Read Employee By ID Success
2025-09-11 12:24:22,816 [INFO] SELECT employees.id AS employees_id, employees.name AS employees_name, employees.age AS employees_age, employees.salary AS employees_salary, employees.is_active AS employees_is_active 
FROM employees 
WHERE employees.id = ?
 LIMIT ? OFFSET ?
2025-09-11 12:24:22,817 [INFO] [cached since 0.002532s ago] (103, 1, 0)
2025-09-11 12:24:22,817 [INFO] Employee ID queried
2025-09-11 12:24:22,818 [INFO] DELETE FROM employees WHERE employees.id = ?
2025-09-11 12:24:22,819 [INFO] [generated in 0.00020s] (103,)
2025-09-11 12:24:22,821 [INFO] COMMIT
2025-09-11 12:24:22,822 [INFO] Employee Deleted Successfully
2025-09-11 13:58:48,433 [INFO] BEGIN (implicit)
2025-09-11 13:58:48,435 [INFO] SELECT employees.id AS employees_id, employees.name AS employees_name, employees.age AS employees_age, employees.salary AS employees_salary, employees.is_active AS employees_is_active 
FROM employees
2025-09-11 13:58:48,435 [INFO] [cached since 2114s ago] ()
2025-09-11 13:58:48,436 [INFO] Read All Employee
2025-09-11 13:59:33,388 [INFO] INSERT INTO employees (id, name, age, salary, is_active) VALUES (?, ?, ?, ?, ?)
2025-09-11 13:59:33,389 [INFO] [generated in 0.00052s] (101, 'Suresh', 39, 49999.0, 1)
2025-09-11 13:59:33,389 [INFO] ROLLBACK
2025-09-11 14:06:23,910 [INFO] BEGIN (implicit)
2025-09-11 14:06:23,912 [INFO] INSERT INTO employees (id, name, age, salary, is_active) VALUES (?, ?, ?, ?, ?)
2025-09-11 14:06:23,912 [INFO] [generated in 0.00020s] (1, 'prj', 23, 2222.0, 1)
2025-09-11 14:06:23,913 [INFO] COMMIT
2025-09-11 14:06:23,915 [INFO] Employee Created Successfully
2025-09-11 14:06:36,312 [INFO] BEGIN (implicit)
2025-09-11 14:06:36,315 [INFO] SELECT employees.id AS employees_id, employees.name AS employees_name, employees.age AS employees_age, employees.salary AS employees_salary, employees.is_active AS employees_is_active 
FROM employees
2025-09-11 14:06:36,315 [INFO] [generated in 0.00029s] ()
2025-09-11 14:06:36,316 [INFO] Read All Employee
2025-09-11 14:09:21,761 [INFO] BEGIN (implicit)
2025-09-11 14:09:21,763 [INFO] INSERT INTO employees (id, name, age, salary, is_active) VALUES (?, ?, ?, ?, ?)
2025-09-11 14:09:21,763 [INFO] [generated in 0.00028s] (1, 'gj', 23, 23.0, 1)
2025-09-11 14:09:21,764 [INFO] ROLLBACK
2025-09-11 14:09:21,764 [ERROR] Duplicate Employee ID:(sqlite3.IntegrityError) UNIQUE constraint failed: employees.id
[SQL: INSERT INTO employees (id, name, age, salary, is_active) VALUES (?, ?, ?, ?, ?)]
[parameters: (1, 'gj', 23, 23.0, 1)]
(Background on this error at: https://sqlalche.me/e/20/gkpj)
2025-09-11 14:19:36,248 [INFO] BEGIN (implicit)
2025-09-11 14:19:36,252 [INFO] SELECT employees.id AS employees_id, employees.name AS employees_name, employees.age AS employees_age, employees.salary AS employees_salary, employees.is_active AS employees_is_active 
FROM employees
2025-09-11 14:19:36,253 [INFO] [generated in 0.00032s] ()
2025-09-11 14:19:36,254 [INFO] Read All Employee
2025-09-11 14:19:51,357 [INFO] INSERT INTO employees (id, name, age, salary, is_active) VALUES (?, ?, ?, ?, ?)
2025-09-11 14:19:51,358 [INFO] [generated in 0.00062s] (101, 'ishawr', 32, 22222.0, 1)
2025-09-11 14:19:51,358 [INFO] ROLLBACK
2025-09-11 14:19:51,359 [ERROR] Duplicate Employee ID:(sqlite3.IntegrityError) UNIQUE constraint failed: employees.id
[SQL: INSERT INTO employees (id, name, age, salary, is_active) VALUES (?, ?, ?, ?, ?)]
[parameters: (101, 'ishawr', 32, 22222.0, 1)]
(Background on this error at: https://sqlalche.me/e/20/gkpj)
2025-09-11 14:42:39,935 [INFO] BEGIN (implicit)
2025-09-11 14:42:39,938 [INFO] INSERT INTO employees (id, name, age, salary, is_active) VALUES (?, ?, ?, ?, ?)
2025-09-11 14:42:39,938 [INFO] [generated in 0.00031s] (101, 'ok', 21, 2222.0, 1)
2025-09-11 14:42:39,939 [INFO] ROLLBACK
2025-09-11 14:42:39,939 [ERROR] Duplicate Employee ID:(sqlite3.IntegrityError) UNIQUE constraint failed: employees.id
[SQL: INSERT INTO employees (id, name, age, salary, is_active) VALUES (?, ?, ?, ?, ?)]
[parameters: (101, 'ok', 21, 2222.0, 1)]
(Background on this error at: https://sqlalche.me/e/20/gkpj)
2025-09-11 15:31:34,439 [INFO] BEGIN (implicit)
2025-09-11 15:31:34,446 [INFO] SELECT employees.id AS employees_id, employees.name AS employees_name, employees.age AS employees_age, employees.salary AS employees_salary, employees.is_active AS employees_is_active 
FROM employees
2025-09-11 15:31:34,446 [INFO] [generated in 0.00044s] ()
2025-09-11 15:31:34,447 [INFO] Read All Employee
2025-09-11 15:31:53,351 [INFO] INSERT INTO employees (id, name, age, salary, is_active) VALUES (?, ?, ?, ?, ?)
2025-09-11 15:31:53,352 [INFO] [cached since 2257s ago] (104, 'New one', 32, 3333.0, 1)
2025-09-11 15:31:53,353 [INFO] COMMIT
2025-09-11 15:31:53,354 [INFO] Employee Created Successfully
2025-09-11 15:31:55,748 [INFO] BEGIN (implicit)
2025-09-11 15:31:55,749 [INFO] SELECT employees.id AS employees_id, employees.name AS employees_name, employees.age AS employees_age, employees.salary AS employees_salary, employees.is_active AS employees_is_active 
FROM employees
2025-09-11 15:31:55,749 [INFO] [cached since 21.3s ago] ()
2025-09-11 15:31:55,749 [INFO] Read All Employee
2025-09-11 15:32:29,922 [INFO] INSERT INTO employees (id, name, age, salary, is_active) VALUES (?, ?, ?, ?, ?)
2025-09-11 15:32:29,922 [INFO] [cached since 2293s ago] (103, 'Ramesh ', 29, 20000.0, 0)
2025-09-11 15:32:29,924 [INFO] COMMIT
2025-09-11 15:32:29,926 [INFO] Employee Created Successfully
2025-09-11 15:32:31,733 [INFO] BEGIN (implicit)
2025-09-11 15:32:31,734 [INFO] SELECT employees.id AS employees_id, employees.name AS employees_name, employees.age AS employees_age, employees.salary AS employees_salary, employees.is_active AS employees_is_active 
FROM employees
2025-09-11 15:32:31,734 [INFO] [cached since 57.29s ago] ()
2025-09-11 15:32:31,734 [INFO] Read All Employee
2025-09-11 15:32:42,596 [INFO] SELECT employees.id AS employees_id, employees.name AS employees_name, employees.age AS employees_age, employees.salary AS employees_salary, employees.is_active AS employees_is_active 
FROM employees
2025-09-11 15:32:42,596 [INFO] [cached since 68.15s ago] ()
2025-09-11 15:32:42,597 [INFO] Read All Employee
2025-09-11 15:32:44,455 [INFO] SELECT employees.id AS employees_id, employees.name AS employees_name, employees.age AS employees_age, employees.salary AS employees_salary, employees.is_active AS employees_is_active 
FROM employees
2025-09-11 15:32:44,456 [INFO] [cached since 70.01s ago] ()
2025-09-11 15:32:44,456 [INFO] Read All Employee
